c:\git\v.i.p.slot\lib\directxtex\bin\desktop_2019_win10\x64\debug\directxtex.pch
c:\git\v.i.p.slot\lib\directxtex\bin\desktop_2019_win10\x64\debug\directxtex.pdb
c:\git\v.i.p.slot\lib\directxtex\bin\desktop_2019_win10\x64\debug\directxtexutil.obj
c:\git\v.i.p.slot\lib\directxtex\bin\desktop_2019_win10\x64\debug\directxtexwic.obj
c:\git\v.i.p.slot\lib\directxtex\bin\desktop_2019_win10\x64\debug\directxtextga.obj
c:\git\v.i.p.slot\lib\directxtex\bin\desktop_2019_win10\x64\debug\directxtexresize.obj
c:\git\v.i.p.slot\lib\directxtex\bin\desktop_2019_win10\x64\debug\directxtexpmalpha.obj
c:\git\v.i.p.slot\lib\directxtex\bin\desktop_2019_win10\x64\debug\directxtexnormalmaps.obj
c:\git\v.i.p.slot\lib\directxtex\bin\desktop_2019_win10\x64\debug\directxtexmisc.obj
c:\git\v.i.p.slot\lib\directxtex\bin\desktop_2019_win10\x64\debug\directxtexmipmaps.obj
c:\git\v.i.p.slot\lib\directxtex\bin\desktop_2019_win10\x64\debug\directxteximage.obj
c:\git\v.i.p.slot\lib\directxtex\bin\desktop_2019_win10\x64\debug\directxtexhdr.obj
c:\git\v.i.p.slot\lib\directxtex\bin\desktop_2019_win10\x64\debug\directxtexfliprotate.obj
c:\git\v.i.p.slot\lib\directxtex\bin\desktop_2019_win10\x64\debug\directxtexdds.obj
c:\git\v.i.p.slot\lib\directxtex\bin\desktop_2019_win10\x64\debug\directxtexd3d12.obj
c:\git\v.i.p.slot\lib\directxtex\bin\desktop_2019_win10\x64\debug\directxtexd3d11.obj
c:\git\v.i.p.slot\lib\directxtex\bin\desktop_2019_win10\x64\debug\directxtexconvert.obj
c:\git\v.i.p.slot\lib\directxtex\bin\desktop_2019_win10\x64\debug\directxtexcompressgpu.obj
c:\git\v.i.p.slot\lib\directxtex\bin\desktop_2019_win10\x64\debug\directxtexcompress.obj
c:\git\v.i.p.slot\lib\directxtex\bin\desktop_2019_win10\x64\debug\bcdirectcompute.obj
c:\git\v.i.p.slot\lib\directxtex\bin\desktop_2019_win10\x64\debug\bc6hbc7.obj
c:\git\v.i.p.slot\lib\directxtex\bin\desktop_2019_win10\x64\debug\bc4bc5.obj
c:\git\v.i.p.slot\lib\directxtex\bin\desktop_2019_win10\x64\debug\bc.obj
c:\git\v.i.p.slot\lib\directxtex\bin\desktop_2019_win10\x64\debug\directxtex.lib
c:\git\v.i.p.slot\lib\directxtex\bin\desktop_2019_win10\x64\debug\directxtex.tlog\cl.command.1.tlog
c:\git\v.i.p.slot\lib\directxtex\bin\desktop_2019_win10\x64\debug\directxtex.tlog\cl.read.1.tlog
c:\git\v.i.p.slot\lib\directxtex\bin\desktop_2019_win10\x64\debug\directxtex.tlog\cl.write.1.tlog
c:\git\v.i.p.slot\lib\directxtex\bin\desktop_2019_win10\x64\debug\directxtex.tlog\lib-link.read.1.tlog
c:\git\v.i.p.slot\lib\directxtex\bin\desktop_2019_win10\x64\debug\directxtex.tlog\lib-link.write.1.tlog
c:\git\v.i.p.slot\lib\directxtex\bin\desktop_2019_win10\x64\debug\directxtex.tlog\lib.command.1.tlog
